[14:44:51] [AutoCuriosidade] Ciclo #1
[14:45:26] [AutoCuriosidade] Ciclo #1
[14:45:30] [AutoCuriosidade] Ciclo #1
[14:47:12] [AutoCuriosidade] Ciclo #1
[14:47:18] [AutoCuriosidade] Ciclo #1
[14:47:25] [AutoCuriosidade] Ciclo #1
[15:12:57] [AutoCuriosidade] Ciclo #1
[15:15:28] [AutoCuriosidade] Ciclo #1
[15:15:34] [AutoCuriosidade] Ciclo #1
[15:15:41] [AutoCuriosidade] Ciclo #1
[15:16:08] [AutoCuriosidade] Ciclo #1
[15:17:17] [AutoCuriosidade] Ciclo #1
[15:17:17] [AutoCuriosidade] KG: nota_geral=9.02, gaps=3
[15:17:17] [AutoCuriosidade] Gap: "defaults_move_event" (nota=1.16)
[15:17:17] [AutoCuriosidade] Estudando: defaults_move_event.lua
[15:17:24] [AutoCuriosidade] Ciclo #1
[15:17:24] [AutoCuriosidade] KG: nota_geral=9.02, gaps=3
[15:17:24] [AutoCuriosidade] Gap: "defaults_move_event" (nota=1.16)
[15:17:24] [AutoCuriosidade] Estudando: defaults_move_event.lua
[15:17:30] [AutoCuriosidade] Ciclo #1
[15:17:30] [AutoCuriosidade] KG: nota_geral=9.02, gaps=3
[15:17:30] [AutoCuriosidade] Gap: "defaults_move_event" (nota=1.16)
[15:17:30] [AutoCuriosidade] Estudando: defaults_move_event.lua
[15:22:12] [AutoCuriosidade] Ciclo #1
[15:22:12] [AutoCuriosidade] KG: nota_geral=9.02, gaps=3
[15:22:12] [AutoCuriosidade] Gap: "defaults_move_event" (nota=1.16)
[15:22:12] [AutoCuriosidade] Estudando: defaults_move_event.lua
[15:22:19] [AutoCuriosidade] Ciclo #1
[15:22:19] [AutoCuriosidade] KG: nota_geral=9.02, gaps=3
[15:22:19] [AutoCuriosidade] Gap: "defaults_move_event" (nota=1.16)
[15:22:19] [AutoCuriosidade] Estudando: defaults_move_event.lua
[15:22:25] [AutoCuriosidade] Ciclo #1
[15:22:25] [AutoCuriosidade] KG: nota_geral=9.02, gaps=3
[15:22:25] [AutoCuriosidade] Gap: "defaults_move_event" (nota=1.16)
[15:22:25] [AutoCuriosidade] Estudando: defaults_move_event.lua
[15:41:48] [AutoCuriosidade] Ciclo #1
[15:41:48] [AutoCuriosidade] KG: nota_geral=9.02, gaps=3
[15:41:48] [AutoCuriosidade] Gap: "defaults_move_event" (nota=1.16)
[15:41:48] [AutoCuriosidade] Estudando: defaults_move_event.lua
[15:42:45] [AutoCuriosidade] Ciclo #1
[15:42:45] [AutoCuriosidade] KG: nota_geral=9.02, gaps=4
[15:42:45] [AutoCuriosidade] Gap: "defaults_move_event" (nota=1.16)
[15:42:45] [AutoCuriosidade] Estudando: defaults_move_event.lua
[15:42:55] [AutoCuriosidade] Ciclo #1
[15:42:55] [AutoCuriosidade] KG: nota_geral=9.02, gaps=4
[15:42:55] [AutoCuriosidade] Gap: "defaults_move_event" (nota=1.16)
[15:42:55] [AutoCuriosidade] Estudando: defaults_move_event.lua
[15:43:02] [AutoCuriosidade] Ciclo #1
[15:43:02] [AutoCuriosidade] KG: nota_geral=9.02, gaps=4
[15:43:02] [AutoCuriosidade] Gap: "defaults_move_event" (nota=1.16)
[15:43:02] [AutoCuriosidade] Estudando: defaults_move_event.lua
[15:43:08] [AutoCuriosidade] Ciclo #1
[15:43:08] [AutoCuriosidade] KG: nota_geral=9.02, gaps=4
[15:43:08] [AutoCuriosidade] Gap: "defaults_move_event" (nota=1.16)
[15:43:08] [AutoCuriosidade] Estudando: defaults_move_event.lua
[15:48:40] [AutoCuriosidade] Ciclo #1
[15:48:40] [AutoCuriosidade] KG: nota_geral=9.02, gaps=4
[15:48:40] [AutoCuriosidade] Gap: "defaults_move_event" (nota=1.16)
[15:48:40] [AutoCuriosidade] Estudando: defaults_move_event.lua
[15:48:47] [AutoCuriosidade] Ciclo #1
[15:48:47] [AutoCuriosidade] KG: nota_geral=9.02, gaps=4
[15:48:47] [AutoCuriosidade] Gap: "defaults_move_event" (nota=1.16)
[15:48:47] [AutoCuriosidade] Estudando: defaults_move_event.lua
[15:54:36] [AutoCuriosidade] Ciclo #1
[15:54:36] [AutoCuriosidade] KG: nota_geral=9.01, gaps=5
[15:54:36] [AutoCuriosidade] Gap: "defaults_move_event" (nota=1.16)
[15:54:36] [AutoCuriosidade] Estudando: defaults_move_event.lua
[15:54:36] [AutoCuriosidade] Ciclo #1
[15:54:36] [AutoCuriosidade] KG: nota_geral=9.01, gaps=5
[15:54:36] [AutoCuriosidade] Gap: "defaults_move_event" (nota=1.16)
[15:54:36] [AutoCuriosidade] Estudando: defaults_move_event.lua
[15:54:39] [AutoCuriosidade] Ciclo #1
[15:54:39] [AutoCuriosidade] KG: nota_geral=9.01, gaps=5
[15:54:39] [AutoCuriosidade] Gap: "defaults_move_event" (nota=1.16)
[15:54:39] [AutoCuriosidade] Estudando: defaults_move_event.lua
[15:59:02] [AutoCuriosidade] Ciclo #1
[15:59:03] [AutoCuriosidade] KG: nota_geral=9.01, gaps=5
[15:59:03] [AutoCuriosidade] Gap: "defaults_move_event" (nota=1.16)
[15:59:03] [AutoCuriosidade] Estudando: defaults_move_event.lua
[15:59:03] [AutoCuriosidade] Ciclo #1
[15:59:03] [AutoCuriosidade] KG: nota_geral=9.01, gaps=5
[15:59:03] [AutoCuriosidade] Gap: "defaults_move_event" (nota=1.16)
[15:59:03] [AutoCuriosidade] Estudando: defaults_move_event.lua
[15:59:52] [AutoCuriosidade] Ciclo #1
[15:59:52] [AutoCuriosidade] KG: nota_geral=9.01, gaps=5
[15:59:52] [AutoCuriosidade] Gap: "defaults_move_event" (nota=1.16)
[15:59:52] [AutoCuriosidade] Estudando: defaults_move_event.lua
[15:59:52] [AutoCuriosidade] Ciclo #1
[15:59:52] [AutoCuriosidade] KG: nota_geral=9.01, gaps=5
[15:59:52] [AutoCuriosidade] Gap: "defaults_move_event" (nota=1.16)
[15:59:52] [AutoCuriosidade] Estudando: defaults_move_event.lua
[17:22:42] [AutoCuriosidade] Ciclo #1
[17:22:42] [AutoCuriosidade] KG: nota_geral=9.01, gaps=4
[17:22:42] [AutoCuriosidade] Gap: "<execucao:responder>" (nota=0.91)
[17:22:54] [AutoCuriosidade] Ciclo #1
[17:22:54] [AutoCuriosidade] KG: nota_geral=9.01, gaps=4
[17:22:54] [AutoCuriosidade] Gap: "<execucao:responder>" (nota=0.91)
[17:23:02] [AutoCuriosidade] Ciclo #1
[17:23:02] [AutoCuriosidade] KG: nota_geral=9.01, gaps=4
[17:23:02] [AutoCuriosidade] Gap: "<execucao:responder>" (nota=0.91)
[18:02:56] [AutoCuriosidade] Ciclo #1
[18:02:56] [AutoCuriosidade] KG: nota_geral=9.02, gaps=3
[18:02:56] [AutoCuriosidade] Gap: "defaults_move_event" (nota=1.16)
[18:02:56] [AutoCuriosidade] Estudando: defaults_move_event.lua
[18:03:03] [AutoCuriosidade] Ciclo #1
[18:03:03] [AutoCuriosidade] KG: nota_geral=9.02, gaps=3
[18:03:03] [AutoCuriosidade] Gap: "defaults_move_event" (nota=1.16)
[18:03:03] [AutoCuriosidade] Estudando: defaults_move_event.lua
[18:03:07] [AutoCuriosidade] Ciclo #1
[18:03:07] [AutoCuriosidade] KG: nota_geral=9.02, gaps=3
[18:03:07] [AutoCuriosidade] Gap: "defaults_move_event" (nota=1.16)
[18:03:07] [AutoCuriosidade] Estudando: defaults_move_event.lua
